
The following have been reloaded with a version change:
  1) impi/2019.4.243 => impi/2019.3.199
  2) intel/19.1.3.304 => intel/19.0.3.199

rm: cannot remove 'nwcbatch.txt': No such file or directory
grep: pentacene_x0.0_y0.0_z3.5.log: No such file or directory
2: WARNING:armci_set_mem_offset: offset changed -230921601024 to -230959603712
Last System Error Message from Task 0:: Numerical result out of range
Last System Error Message from Task 5:: Inappropriate ioctl for device
Last System Error Message from Task 6:: Inappropriate ioctl for device
Last System Error Message from Task 1:: Inappropriate ioctl for device
Last System Error Message from Task 4:: Inappropriate ioctl for device
Last System Error Message from Task 8:: Inappropriate ioctl for device
Last System Error Message from Task 9:: Inappropriate ioctl for device
Last System Error Message from Task 10:: Inappropriate ioctl for device
Last System Error Message from Task 11:: Inappropriate ioctl for device
Last System Error Message from Task 13:: Inappropriate ioctl for device
Last System Error Message from Task 14:: Inappropriate ioctl for device
Last System Error Message from Task 15:: Inappropriate ioctl for device
Last System Error Message from Task 2:: Inappropriate ioctl for device
Last System Error Message from Task 12:: Inappropriate ioctl for device
Last System Error Message from Task 3:: Inappropriate ioctl for device
Last System Error Message from Task 7:: Inappropriate ioctl for device
Abort(-1) on node 8 (rank 8 in comm 480): application called MPI_Abort(comm=0x84000004, -1) - process 8
Abort(-1) on node 11 (rank 11 in comm 480): application called MPI_Abort(comm=0x84000004, -1) - process 11
Abort(-1) on node 9 (rank 9 in comm 480): application called MPI_Abort(comm=0x84000004, -1) - process 9
Abort(-1) on node 2 (rank 2 in comm 480): application called MPI_Abort(comm=0x84000004, -1) - process 2
Abort(-1) on node 3 (rank 3 in comm 480): application called MPI_Abort(comm=0x84000004, -1) - process 3
Abort(-1) on node 7 (rank 7 in comm 480): application called MPI_Abort(comm=0x84000004, -1) - process 7
Abort(-1) on node 10 (rank 10 in comm 480): application called MPI_Abort(comm=0x84000004, -1) - process 10
Abort(-1) on node 1 (rank 1 in comm 480): application called MPI_Abort(comm=0x84000004, -1) - process 1
Abort(-1) on node 12 (rank 12 in comm 480): application called MPI_Abort(comm=0x84000004, -1) - process 12
Abort(-1) on node 5 (rank 5 in comm 480): application called MPI_Abort(comm=0x84000004, -1) - process 5
Abort(-1) on node 6 (rank 6 in comm 480): application called MPI_Abort(comm=0x84000004, -1) - process 6
Abort(-1) on node 13 (rank 13 in comm 480): application called MPI_Abort(comm=0x84000004, -1) - process 13
Abort(-1) on node 14 (rank 14 in comm 480): application called MPI_Abort(comm=0x84000004, -1) - process 14
Abort(-1) on node 0 (rank 0 in comm 480): application called MPI_Abort(comm=0x84000006, -1) - process 0
Abort(-1) on node 15 (rank 15 in comm 480): application called MPI_Abort(comm=0x84000004, -1) - process 15
Abort(-1) on node 4 (rank 4 in comm 480): application called MPI_Abort(comm=0x84000004, -1) - process 4
grep: pentacene_x0.0_y0.1_z3.5.log: No such file or directory
1: WARNING:armci_set_mem_offset: offset changed 288098353152 to 288155508736
2: WARNING:armci_set_mem_offset: offset changed 29259464704 to 29302214656
Last System Error Message from Task 0:: Numerical result out of range
Abort(-1) on node 0 (rank 0 in comm 480): application called MPI_Abort(comm=0x84000006, -1) - process 0
Last System Error Message from Task 2:: Inappropriate ioctl for device
Last System Error Message from Task 4:: Inappropriate ioctl for device
Last System Error Message from Task 5:: Inappropriate ioctl for device
Last System Error Message from Task 6:: Inappropriate ioctl for device
Abort(-1) on node 6 (rank 6 in comm 480): application called MPI_Abort(comm=0x84000004, -1) - process 6
Last System Error Message from Task 7:: Inappropriate ioctl for device
Abort(-1) on node 7 (rank 7 in comm 480): application called MPI_Abort(comm=0x84000004, -1) - process 7
Last System Error Message from Task 8:: Inappropriate ioctl for device
Abort(-1) on node 8 (rank 8 in comm 480): application called MPI_Abort(comm=0x84000004, -1) - process 8
Last System Error Message from Task 9:: Inappropriate ioctl for device
Abort(-1) on node 9 (rank 9 in comm 480): application called MPI_Abort(comm=0x84000004, -1) - process 9
Last System Error Message from Task 10:: Inappropriate ioctl for device
Abort(-1) on node 10 (rank 10 in comm 480): application called MPI_Abort(comm=0x84000004, -1) - process 10
Last System Error Message from Task 11:: Inappropriate ioctl for device
Last System Error Message from Task 12:: Inappropriate ioctl for device
Abort(-1) on node 12 (rank 12 in comm 480): application called MPI_Abort(comm=0x84000004, -1) - process 12
Last System Error Message from Task 13:: Inappropriate ioctl for device
Abort(-1) on node 13 (rank 13 in comm 480): application called MPI_Abort(comm=0x84000004, -1) - process 13
Last System Error Message from Task 14:: Inappropriate ioctl for device
Abort(-1) on node 14 (rank 14 in comm 480): application called MPI_Abort(comm=0x84000004, -1) - process 14
Last System Error Message from Task 15:: Inappropriate ioctl for device
Abort(-1) on node 15 (rank 15 in comm 480): application called MPI_Abort(comm=0x84000004, -1) - process 15
Abort(-1) on node 2 (rank 2 in comm 480): application called MPI_Abort(comm=0x84000004, -1) - process 2
Abort(-1) on node 4 (rank 4 in comm 480): application called MPI_Abort(comm=0x84000004, -1) - process 4
Abort(-1) on node 5 (rank 5 in comm 480): application called MPI_Abort(comm=0x84000004, -1) - process 5
Last System Error Message from Task 1:: Inappropriate ioctl for device
Abort(-1) on node 1 (rank 1 in comm 480): application called MPI_Abort(comm=0x84000004, -1) - process 1
Abort(-1) on node 11 (rank 11 in comm 480): application called MPI_Abort(comm=0x84000004, -1) - process 11
Last System Error Message from Task 3:: Inappropriate ioctl for device
Abort(-1) on node 3 (rank 3 in comm 480): application called MPI_Abort(comm=0x84000004, -1) - process 3
grep: pentacene_x0.0_y0.2_z3.5.log: No such file or directory
1: WARNING:armci_set_mem_offset: offset changed 22414360576 to 22397857792
2: WARNING:armci_set_mem_offset: offset changed -225150238720 to -225143144448
Last System Error Message from Task 2:: Inappropriate ioctl for device
Last System Error Message from Task 3:: Inappropriate ioctl for device
Last System Error Message from Task 4:: Inappropriate ioctl for device
Last System Error Message from Task 5:: Inappropriate ioctl for device
Last System Error Message from Task 1:: Inappropriate ioctl for device
Abort(-1) on node 1 (rank 1 in comm 480): application called MPI_Abort(comm=0x84000004, -1) - process 1
Abort(-1) on node 2 (rank 2 in comm 480): application called MPI_Abort(comm=0x84000004, -1) - process 2
Abort(-1) on node 3 (rank 3 in comm 480): application called MPI_Abort(comm=0x84000004, -1) - process 3
Abort(-1) on node 4 (rank 4 in comm 480): application called MPI_Abort(comm=0x84000004, -1) - process 4
Abort(-1) on node 5 (rank 5 in comm 480): application called MPI_Abort(comm=0x84000004, -1) - process 5
Last System Error Message from Task 6:: Inappropriate ioctl for device
Abort(-1) on node 6 (rank 6 in comm 480): application called MPI_Abort(comm=0x84000004, -1) - process 6
Last System Error Message from Task 7:: Inappropriate ioctl for device
Abort(-1) on node 7 (rank 7 in comm 480): application called MPI_Abort(comm=0x84000004, -1) - process 7
Last System Error Message from Task 8:: Inappropriate ioctl for device
Abort(-1) on node 8 (rank 8 in comm 480): application called MPI_Abort(comm=0x84000004, -1) - process 8
Last System Error Message from Task 9:: Inappropriate ioctl for device
Abort(-1) on node 9 (rank 9 in comm 480): application called MPI_Abort(comm=0x84000004, -1) - process 9
Last System Error Message from Task 10:: Inappropriate ioctl for device
Abort(-1) on node 10 (rank 10 in comm 480): application called MPI_Abort(comm=0x84000004, -1) - process 10
Last System Error Message from Task 11:: Inappropriate ioctl for device
Abort(-1) on node 11 (rank 11 in comm 480): application called MPI_Abort(comm=0x84000004, -1) - process 11
Last System Error Message from Task 12:: Inappropriate ioctl for device
Abort(-1) on node 12 (rank 12 in comm 480): application called MPI_Abort(comm=0x84000004, -1) - process 12
Last System Error Message from Task 13:: Inappropriate ioctl for device
Abort(-1) on node 13 (rank 13 in comm 480): application called MPI_Abort(comm=0x84000004, -1) - process 13
Last System Error Message from Task 14:: Inappropriate ioctl for device
Abort(-1) on node 14 (rank 14 in comm 480): application called MPI_Abort(comm=0x84000004, -1) - process 14
Last System Error Message from Task 15:: Inappropriate ioctl for device
Abort(-1) on node 15 (rank 15 in comm 480): application called MPI_Abort(comm=0x84000004, -1) - process 15
Last System Error Message from Task 0:: Numerical result out of range
Abort(-1) on node 0 (rank 0 in comm 480): application called MPI_Abort(comm=0x84000006, -1) - process 0
grep: pentacene_x0.0_y0.3_z3.5.log: No such file or directory
1: WARNING:armci_set_mem_offset: offset changed -235954765824 to -235921207296
2: WARNING:armci_set_mem_offset: offset changed 152270012416 to 152312762368
Last System Error Message from Task 0:: Numerical result out of range
Abort(-1) on node 0 (rank 0 in comm 480): application called MPI_Abort(comm=0x84000006, -1) - process 0
Last System Error Message from Task 1:: Inappropriate ioctl for device
Abort(-1) on node 1 (rank 1 in comm 480): application called MPI_Abort(comm=0x84000004, -1) - process 1
Last System Error Message from Task 2:: Inappropriate ioctl for device
Abort(-1) on node 2 (rank 2 in comm 480): application called MPI_Abort(comm=0x84000004, -1) - process 2
Last System Error Message from Task 3:: Inappropriate ioctl for device
Abort(-1) on node 3 (rank 3 in comm 480): application called MPI_Abort(comm=0x84000004, -1) - process 3
Last System Error Message from Task 4:: Inappropriate ioctl for device
Abort(-1) on node 4 (rank 4 in comm 480): application called MPI_Abort(comm=0x84000004, -1) - process 4
Last System Error Message from Task 7:: Inappropriate ioctl for device
Abort(-1) on node 7 (rank 7 in comm 480): application called MPI_Abort(comm=0x84000004, -1) - process 7
Last System Error Message from Task 8:: Inappropriate ioctl for device
Abort(-1) on node 8 (rank 8 in comm 480): application called MPI_Abort(comm=0x84000004, -1) - process 8
Last System Error Message from Task 10:: Inappropriate ioctl for device
Abort(-1) on node 10 (rank 10 in comm 480): application called MPI_Abort(comm=0x84000004, -1) - process 10
Last System Error Message from Task 11:: Inappropriate ioctl for device
Abort(-1) on node 11 (rank 11 in comm 480): application called MPI_Abort(comm=0x84000004, -1) - process 11
Last System Error Message from Task 12:: Inappropriate ioctl for device
Abort(-1) on node 12 (rank 12 in comm 480): application called MPI_Abort(comm=0x84000004, -1) - process 12
Last System Error Message from Task 13:: Inappropriate ioctl for device
Abort(-1) on node 13 (rank 13 in comm 480): application called MPI_Abort(comm=0x84000004, -1) - process 13
Last System Error Message from Task 14:: Inappropriate ioctl for device
Abort(-1) on node 14 (rank 14 in comm 480): application called MPI_Abort(comm=0x84000004, -1) - process 14
Last System Error Message from Task 15:: Inappropriate ioctl for device
Abort(-1) on node 15 (rank 15 in comm 480): application called MPI_Abort(comm=0x84000004, -1) - process 15
Last System Error Message from Task 5:: Inappropriate ioctl for device
Abort(-1) on node 5 (rank 5 in comm 480): application called MPI_Abort(comm=0x84000004, -1) - process 5
Last System Error Message from Task 9:: Inappropriate ioctl for device
Abort(-1) on node 9 (rank 9 in comm 480): application called MPI_Abort(comm=0x84000004, -1) - process 9
Last System Error Message from Task 6:: Inappropriate ioctl for device
Abort(-1) on node 6 (rank 6 in comm 480): application called MPI_Abort(comm=0x84000004, -1) - process 6
grep: pentacene_x0.0_y0.4_z3.5.log: No such file or directory
1: WARNING:armci_set_mem_offset: offset changed 19193135104 to 19250290688
2: WARNING:armci_set_mem_offset: offset changed 707327426560 to 707346579456
3: WARNING:armci_set_mem_offset: offset changed 85362475008 to 85381627904
Last System Error Message from Task 8:: Numerical result out of range
Abort(11) on node 8 (rank 8 in comm 480): application called MPI_Abort(comm=0x84000004, 11) - process 8
grep: pentacene_x0.0_y0.5_z3.5.log: No such file or directory
1: WARNING:armci_set_mem_offset: offset changed 730949746688 to 730940555264
2: WARNING:armci_set_mem_offset: offset changed 208305913856 to 208282316800
Last System Error Message from Task 0:: Numerical result out of range
Abort(-1) on node 0 (rank 0 in comm 480): application called MPI_Abort(comm=0x84000006, -1) - process 0
Last System Error Message from Task 2:: Inappropriate ioctl for device
Last System Error Message from Task 3:: Inappropriate ioctl for device
Last System Error Message from Task 6:: Inappropriate ioctl for device
Abort(-1) on node 6 (rank 6 in comm 480): application called MPI_Abort(comm=0x84000004, -1) - process 6
Last System Error Message from Task 7:: Inappropriate ioctl for device
Abort(-1) on node 7 (rank 7 in comm 480): application called MPI_Abort(comm=0x84000004, -1) - process 7
Last System Error Message from Task 1:: Inappropriate ioctl for device
Abort(-1) on node 1 (rank 1 in comm 480): application called MPI_Abort(comm=0x84000004, -1) - process 1
Abort(-1) on node 2 (rank 2 in comm 480): application called MPI_Abort(comm=0x84000004, -1) - process 2
Abort(-1) on node 3 (rank 3 in comm 480): application called MPI_Abort(comm=0x84000004, -1) - process 3
Last System Error Message from Task 4:: Inappropriate ioctl for device
Abort(-1) on node 4 (rank 4 in comm 480): application called MPI_Abort(comm=0x84000004, -1) - process 4
Last System Error Message from Task 8:: Inappropriate ioctl for device
Abort(-1) on node 8 (rank 8 in comm 480): application called MPI_Abort(comm=0x84000004, -1) - process 8
Last System Error Message from Task 9:: Inappropriate ioctl for device
Abort(-1) on node 9 (rank 9 in comm 480): application called MPI_Abort(comm=0x84000004, -1) - process 9
Last System Error Message from Task 11:: Inappropriate ioctl for device
Abort(-1) on node 11 (rank 11 in comm 480): application called MPI_Abort(comm=0x84000004, -1) - process 11
Last System Error Message from Task 12:: Inappropriate ioctl for device
Abort(-1) on node 12 (rank 12 in comm 480): application called MPI_Abort(comm=0x84000004, -1) - process 12
Last System Error Message from Task 13:: Inappropriate ioctl for device
Abort(-1) on node 13 (rank 13 in comm 480): application called MPI_Abort(comm=0x84000004, -1) - process 13
Last System Error Message from Task 14:: Inappropriate ioctl for device
Abort(-1) on node 14 (rank 14 in comm 480): application called MPI_Abort(comm=0x84000004, -1) - process 14
Last System Error Message from Task 15:: Inappropriate ioctl for device
Abort(-1) on node 15 (rank 15 in comm 480): application called MPI_Abort(comm=0x84000004, -1) - process 15
Last System Error Message from Task 10:: Inappropriate ioctl for device
Abort(-1) on node 10 (rank 10 in comm 480): application called MPI_Abort(comm=0x84000004, -1) - process 10
Last System Error Message from Task 5:: Inappropriate ioctl for device
Abort(-1) on node 5 (rank 5 in comm 480): application called MPI_Abort(comm=0x84000004, -1) - process 5
grep: pentacene_x0.0_y0.6_z3.5.log: No such file or directory
1: WARNING:armci_set_mem_offset: offset changed -977306386432 to -977291980800
2: WARNING:armci_set_mem_offset: offset changed -416410501120 to -416453251072
grep: pentacene_x0.0_y0.7_z3.5.log: No such file or directory
1: WARNING:armci_set_mem_offset: offset changed -715581816832 to -715605413888
2: WARNING:armci_set_mem_offset: offset changed -447280578560 to -447337734144
grep: pentacene_x0.0_y0.8_z3.5.log: No such file or directory
1: WARNING:armci_set_mem_offset: offset changed 610824880128 to 610826977280
2: WARNING:armci_set_mem_offset: offset changed 458823303168 to 458808897536
grep: pentacene_x0.0_y0.9_z3.5.log: No such file or directory
1: WARNING:armci_set_mem_offset: offset changed -69726109696 to -69747609600
2: WARNING:armci_set_mem_offset: offset changed -276220084224 to -276258086912
grep: pentacene_x0.0_y1.0_z3.5.log: No such file or directory
1: WARNING:armci_set_mem_offset: offset changed 694509633536 to 694533230592
2: WARNING:armci_set_mem_offset: offset changed 230384730112 to 230365577216
grep: pentacene_x0.0_y1.1_z3.5.log: No such file or directory
1: WARNING:armci_set_mem_offset: offset changed 392788180992 to 392731025408
grep: pentacene_x0.0_y1.2_z3.5.log: No such file or directory
1: WARNING:armci_set_mem_offset: offset changed 653036355584 to 653059952640
grep: pentacene_x0.0_y1.3_z3.5.log: No such file or directory
1: WARNING:armci_set_mem_offset: offset changed -65229815808 to -65170563072
2: WARNING:armci_set_mem_offset: offset changed -1009317314560 to -1009260158976
grep: pentacene_x0.0_y1.4_z3.5.log: No such file or directory
1: WARNING:armci_set_mem_offset: offset changed -146834194432 to -146872197120
2: WARNING:armci_set_mem_offset: offset changed -204480708608 to -204504305664
grep: pentacene_x0.0_y1.5_z3.5.log: No such file or directory
1: WARNING:armci_set_mem_offset: offset changed 140727287808 to 140746440704
2: WARNING:armci_set_mem_offset: offset changed 579686367232 to 579705520128
grep: pentacene_x0.0_y1.6_z3.5.log: No such file or directory
1: WARNING:armci_set_mem_offset: offset changed 124151398400 to 124136992768
2: WARNING:armci_set_mem_offset: offset changed 281521684480 to 281483681792
grep: pentacene_x0.0_y1.7_z3.5.log: No such file or directory
1: WARNING:armci_set_mem_offset: offset changed -364803784704 to -364780187648
2: WARNING:armci_set_mem_offset: offset changed 299439751168 to 299463348224
grep: pentacene_x0.0_y1.8_z3.5.log: No such file or directory
1: WARNING:armci_set_mem_offset: offset changed 159987531776 to 160021090304
2: WARNING:armci_set_mem_offset: offset changed -7314866176 to -7259807744
grep: pentacene_x0.0_y1.9_z3.5.log: No such file or directory
1: WARNING:armci_set_mem_offset: offset changed -803897081856 to -803873484800
grep: pentacene_x0.0_y2.0_z3.5.log: No such file or directory
2: WARNING:armci_set_mem_offset: offset changed 180120190976 to 180063035392
grep: pentacene_x0.0_y2.1_z3.5.log: No such file or directory
3: WARNING:armci_set_mem_offset: offset changed 103750303744 to 103735898112
4: WARNING:armci_set_mem_offset: offset changed -817318854656 to -817352413184
7: WARNING:armci_set_mem_offset: offset changed -571297759232 to -571312164864
10: WARNING:armci_set_mem_offset: offset changed -87577067520 to -87591473152
grep: pentacene_x0.0_y2.2_z3.5.log: No such file or directory
1: WARNING:armci_set_mem_offset: offset changed 70061654016 to 70085251072
Last System Error Message from Task 2:: Inappropriate ioctl for device
Last System Error Message from Task 3:: Inappropriate ioctl for device
Last System Error Message from Task 6:: Inappropriate ioctl for device
Last System Error Message from Task 8:: Inappropriate ioctl for device
Last System Error Message from Task 9:: Inappropriate ioctl for device
Abort(-1) on node 9 (rank 9 in comm 480): application called MPI_Abort(comm=0x84000004, -1) - process 9
Last System Error Message from Task 10:: Inappropriate ioctl for device
Abort(-1) on node 10 (rank 10 in comm 480): application called MPI_Abort(comm=0x84000004, -1) - process 10
Last System Error Message from Task 11:: Inappropriate ioctl for device
Abort(-1) on node 11 (rank 11 in comm 480): application called MPI_Abort(comm=0x84000004, -1) - process 11
Last System Error Message from Task 13:: Inappropriate ioctl for device
Abort(-1) on node 13 (rank 13 in comm 480): application called MPI_Abort(comm=0x84000004, -1) - process 13
Last System Error Message from Task 14:: Inappropriate ioctl for device
Abort(-1) on node 14 (rank 14 in comm 480): application called MPI_Abort(comm=0x84000004, -1) - process 14
Last System Error Message from Task 15:: Inappropriate ioctl for device
Abort(-1) on node 15 (rank 15 in comm 480): application called MPI_Abort(comm=0x84000004, -1) - process 15
Last System Error Message from Task 1:: Inappropriate ioctl for device
Abort(-1) on node 1 (rank 1 in comm 480): application called MPI_Abort(comm=0x84000004, -1) - process 1
Abort(-1) on node 2 (rank 2 in comm 480): application called MPI_Abort(comm=0x84000004, -1) - process 2
Abort(-1) on node 3 (rank 3 in comm 480): application called MPI_Abort(comm=0x84000004, -1) - process 3
Last System Error Message from Task 4:: Inappropriate ioctl for device
Abort(-1) on node 4 (rank 4 in comm 480): application called MPI_Abort(comm=0x84000004, -1) - process 4
Last System Error Message from Task 5:: Inappropriate ioctl for device
Abort(-1) on node 5 (rank 5 in comm 480): application called MPI_Abort(comm=0x84000004, -1) - process 5
Abort(-1) on node 6 (rank 6 in comm 480): application called MPI_Abort(comm=0x84000004, -1) - process 6
Last System Error Message from Task 7:: Inappropriate ioctl for device
Abort(-1) on node 7 (rank 7 in comm 480): application called MPI_Abort(comm=0x84000004, -1) - process 7
Abort(-1) on node 8 (rank 8 in comm 480): application called MPI_Abort(comm=0x84000004, -1) - process 8
Last System Error Message from Task 12:: Inappropriate ioctl for device
Abort(-1) on node 12 (rank 12 in comm 480): application called MPI_Abort(comm=0x84000004, -1) - process 12
Last System Error Message from Task 0:: Numerical result out of range
Abort(-1) on node 0 (rank 0 in comm 480): application called MPI_Abort(comm=0x84000006, -1) - process 0
grep: pentacene_x0.0_y2.3_z3.5.log: No such file or directory
1: WARNING:armci_set_mem_offset: offset changed -302392541184 to -302368944128
2: WARNING:armci_set_mem_offset: offset changed 591229091840 to 591195533312
grep: pentacene_x0.0_y2.4_z3.5.log: No such file or directory
1: WARNING:armci_set_mem_offset: offset changed -483989127168 to -484006182912
2: WARNING:armci_set_mem_offset: offset changed -48989470720 to -48949370880
3: WARNING:armci_set_mem_offset: offset changed -169047228416 to -169032822784
grep: pentacene_x0.0_y2.5_z3.5.log: No such file or directory
2: WARNING:armci_set_mem_offset: offset changed -49727668224 to -49704071168
grep: pentacene_x0.0_y2.6_z3.5.log: No such file or directory
2: WARNING:armci_set_mem_offset: offset changed -851477266432 to -851491672064
0:attach error:id=-956265449 off=-4723345754090761628 seg=262144
Last System Error Message from Task 0:: Invalid argument
Abort(-956265449) on node 0 (rank 0 in comm 480): application called MPI_Abort(comm=0x84000006, -956265449) - process 0
grep: pentacene_x0.0_y2.7_z3.5.log: No such file or directory
2: WARNING:armci_set_mem_offset: offset changed 97911832576 to 97873829888
grep: pentacene_x0.0_y2.8_z3.5.log: No such file or directory
1: WARNING:armci_set_mem_offset: offset changed -577404665856 to -577442668544
2: WARNING:armci_set_mem_offset: offset changed 62813896704 to 62790299648
3: WARNING:armci_set_mem_offset: offset changed 326216187904 to 326192590848
grep: pentacene_x0.0_y2.9_z3.5.log: No such file or directory
1: WARNING:armci_set_mem_offset: offset changed 314606354432 to 314623410176
2: WARNING:armci_set_mem_offset: offset changed 336685170688 to 336702226432
Last System Error Message from Task 3:: Numerical result out of range
Abort(11) on node 3 (rank 3 in comm 480): application called MPI_Abort(comm=0x84000004, 11) - process 3
grep: pentacene_x0.0_y3.0_z3.5.log: No such file or directory
1: WARNING:armci_set_mem_offset: offset changed -33151778816 to -33137373184
2: WARNING:armci_set_mem_offset: offset changed -139989090304 to -139972587520
